
*** Running vivado
    with args -log RegisterFile.vds -m64 -product Vivado -mode batch -messageDb vivado.pb -notrace -source RegisterFile.tcl


****** Vivado v2018.2 (64-bit)
  **** SW Build 2258646 on Thu Jun 14 20:03:12 MDT 2018
  **** IP Build 2256618 on Thu Jun 14 22:10:49 MDT 2018
    ** Copyright 1986-2018 Xilinx, Inc. All Rights Reserved.

source RegisterFile.tcl -notrace
Command: synth_design -top RegisterFile -part xc7a100tfgg676-2L
Starting synth_design
Attempting to get a license for feature 'Synthesis' and/or device 'xc7a100t'
INFO: [Common 17-349] Got license for feature 'Synthesis' and/or device 'xc7a100t'
INFO: Launching helper process for spawning children vivado processes
INFO: Helper process launched with PID 7348 
---------------------------------------------------------------------------------
Starting RTL Elaboration : Time (s): cpu = 00:00:02 ; elapsed = 00:00:03 . Memory (MB): peak = 362.895 ; gain = 97.934
---------------------------------------------------------------------------------
INFO: [Synth 8-6157] synthesizing module 'RegisterFile' [D:/3-Autumn/Organization Principles/MakeComputer/FinalProjectFolder/MakeAComputer/thinpad_top/thinpad_top.srcs/sources_1/new/RegisterFile.v:22]
INFO: [Synth 8-6155] done synthesizing module 'RegisterFile' (1#1) [D:/3-Autumn/Organization Principles/MakeComputer/FinalProjectFolder/MakeAComputer/thinpad_top/thinpad_top.srcs/sources_1/new/RegisterFile.v:22]
---------------------------------------------------------------------------------
Finished RTL Elaboration : Time (s): cpu = 00:00:03 ; elapsed = 00:00:04 . Memory (MB): peak = 417.789 ; gain = 152.828
---------------------------------------------------------------------------------

Report Check Netlist: 
+------+------------------+-------+---------+-------+------------------+
|      |Item              |Errors |Warnings |Status |Description       |
+------+------------------+-------+---------+-------+------------------+
|1     |multi_driven_nets |      0|        0|Passed |Multi driven nets |
+------+------------------+-------+---------+-------+------------------+
---------------------------------------------------------------------------------
Start Handling Custom Attributes
---------------------------------------------------------------------------------
---------------------------------------------------------------------------------
Finished Handling Custom Attributes : Time (s): cpu = 00:00:03 ; elapsed = 00:00:05 . Memory (MB): peak = 417.789 ; gain = 152.828
---------------------------------------------------------------------------------
---------------------------------------------------------------------------------
Finished RTL Optimization Phase 1 : Time (s): cpu = 00:00:03 ; elapsed = 00:00:05 . Memory (MB): peak = 417.789 ; gain = 152.828
---------------------------------------------------------------------------------
INFO: [Device 21-403] Loading part xc7a100tfgg676-2L
INFO: [Project 1-570] Preparing netlist for logic optimization

Processing XDC Constraints
Initializing timing engine
Parsing XDC File [D:/3-Autumn/Organization Principles/MakeComputer/FinalProjectFolder/MakeAComputer/thinpad_top/thinpad_top.srcs/constrs_1/new/thinpad_top.xdc]
WARNING: [Vivado 12-584] No ports matched 'clk_50M'. [D:/3-Autumn/Organization Principles/MakeComputer/FinalProjectFolder/MakeAComputer/thinpad_top/thinpad_top.srcs/constrs_1/new/thinpad_top.xdc:2]
CRITICAL WARNING: [Common 17-55] 'set_property' expects at least one object. [D:/3-Autumn/Organization Principles/MakeComputer/FinalProjectFolder/MakeAComputer/thinpad_top/thinpad_top.srcs/constrs_1/new/thinpad_top.xdc:2]
Resolution: If [get_<value>] was used to populate the object, check to make sure this command returns at least one valid object.
WARNING: [Vivado 12-584] No ports matched 'clk_11M0592'. [D:/3-Autumn/Organization Principles/MakeComputer/FinalProjectFolder/MakeAComputer/thinpad_top/thinpad_top.srcs/constrs_1/new/thinpad_top.xdc:3]
CRITICAL WARNING: [Common 17-55] 'set_property' expects at least one object. [D:/3-Autumn/Organization Principles/MakeComputer/FinalProjectFolder/MakeAComputer/thinpad_top/thinpad_top.srcs/constrs_1/new/thinpad_top.xdc:3]
Resolution: If [get_<value>] was used to populate the object, check to make sure this command returns at least one valid object.
WARNING: [Vivado 12-507] No nets matched 'clk_11M0592_IBUF'. [D:/3-Autumn/Organization Principles/MakeComputer/FinalProjectFolder/MakeAComputer/thinpad_top/thinpad_top.srcs/constrs_1/new/thinpad_top.xdc:4]
CRITICAL WARNING: [Common 17-55] 'set_property' expects at least one object. [D:/3-Autumn/Organization Principles/MakeComputer/FinalProjectFolder/MakeAComputer/thinpad_top/thinpad_top.srcs/constrs_1/new/thinpad_top.xdc:4]
Resolution: If [get_<value>] was used to populate the object, check to make sure this command returns at least one valid object.
WARNING: [Vivado 12-584] No ports matched 'clk_50M'. [D:/3-Autumn/Organization Principles/MakeComputer/FinalProjectFolder/MakeAComputer/thinpad_top/thinpad_top.srcs/constrs_1/new/thinpad_top.xdc:6]
CRITICAL WARNING: [Vivado 12-4739] create_clock:No valid object(s) found for '-objects [get_ports clk_50M]'. [D:/3-Autumn/Organization Principles/MakeComputer/FinalProjectFolder/MakeAComputer/thinpad_top/thinpad_top.srcs/constrs_1/new/thinpad_top.xdc:6]
Resolution: Check if the specified object(s) exists in the current design. If it does, ensure that the correct design hierarchy was specified for the object. If you are working with clocks, make sure create_clock was used to create the clock object before it is referenced.
WARNING: [Vivado 12-584] No ports matched 'clk_11M0592'. [D:/3-Autumn/Organization Principles/MakeComputer/FinalProjectFolder/MakeAComputer/thinpad_top/thinpad_top.srcs/constrs_1/new/thinpad_top.xdc:7]
CRITICAL WARNING: [Vivado 12-4739] create_clock:No valid object(s) found for '-objects [get_ports clk_11M0592]'. [D:/3-Autumn/Organization Principles/MakeComputer/FinalProjectFolder/MakeAComputer/thinpad_top/thinpad_top.srcs/constrs_1/new/thinpad_top.xdc:7]
Resolution: Check if the specified object(s) exists in the current design. If it does, ensure that the correct design hierarchy was specified for the object. If you are working with clocks, make sure create_clock was used to create the clock object before it is referenced.
WARNING: [Vivado 12-584] No ports matched 'touch_btn[0]'. [D:/3-Autumn/Organization Principles/MakeComputer/FinalProjectFolder/MakeAComputer/thinpad_top/thinpad_top.srcs/constrs_1/new/thinpad_top.xdc:10]
CRITICAL WARNING: [Common 17-55] 'set_property' expects at least one object. [D:/3-Autumn/Organization Principles/MakeComputer/FinalProjectFolder/MakeAComputer/thinpad_top/thinpad_top.srcs/constrs_1/new/thinpad_top.xdc:10]
Resolution: If [get_<value>] was used to populate the object, check to make sure this command returns at least one valid object.
WARNING: [Vivado 12-584] No ports matched 'touch_btn[1]'. [D:/3-Autumn/Organization Principles/MakeComputer/FinalProjectFolder/MakeAComputer/thinpad_top/thinpad_top.srcs/constrs_1/new/thinpad_top.xdc:11]
CRITICAL WARNING: [Common 17-55] 'set_property' expects at least one object. [D:/3-Autumn/Organization Principles/MakeComputer/FinalProjectFolder/MakeAComputer/thinpad_top/thinpad_top.srcs/constrs_1/new/thinpad_top.xdc:11]
Resolution: If [get_<value>] was used to populate the object, check to make sure this command returns at least one valid object.
WARNING: [Vivado 12-584] No ports matched 'touch_btn[2]'. [D:/3-Autumn/Organization Principles/MakeComputer/FinalProjectFolder/MakeAComputer/thinpad_top/thinpad_top.srcs/constrs_1/new/thinpad_top.xdc:12]
CRITICAL WARNING: [Common 17-55] 'set_property' expects at least one object. [D:/3-Autumn/Organization Principles/MakeComputer/FinalProjectFolder/MakeAComputer/thinpad_top/thinpad_top.srcs/constrs_1/new/thinpad_top.xdc:12]
Resolution: If [get_<value>] was used to populate the object, check to make sure this command returns at least one valid object.
WARNING: [Vivado 12-584] No ports matched 'touch_btn[3]'. [D:/3-Autumn/Organization Principles/MakeComputer/FinalProjectFolder/MakeAComputer/thinpad_top/thinpad_top.srcs/constrs_1/new/thinpad_top.xdc:13]
CRITICAL WARNING: [Common 17-55] 'set_property' expects at least one object. [D:/3-Autumn/Organization Principles/MakeComputer/FinalProjectFolder/MakeAComputer/thinpad_top/thinpad_top.srcs/constrs_1/new/thinpad_top.xdc:13]
Resolution: If [get_<value>] was used to populate the object, check to make sure this command returns at least one valid object.
WARNING: [Vivado 12-584] No ports matched 'clock_btn'. [D:/3-Autumn/Organization Principles/MakeComputer/FinalProjectFolder/MakeAComputer/thinpad_top/thinpad_top.srcs/constrs_1/new/thinpad_top.xdc:14]
CRITICAL WARNING: [Common 17-55] 'set_property' expects at least one object. [D:/3-Autumn/Organization Principles/MakeComputer/FinalProjectFolder/MakeAComputer/thinpad_top/thinpad_top.srcs/constrs_1/new/thinpad_top.xdc:14]
Resolution: If [get_<value>] was used to populate the object, check to make sure this command returns at least one valid object.
WARNING: [Vivado 12-584] No ports matched 'reset_btn'. [D:/3-Autumn/Organization Principles/MakeComputer/FinalProjectFolder/MakeAComputer/thinpad_top/thinpad_top.srcs/constrs_1/new/thinpad_top.xdc:15]
CRITICAL WARNING: [Common 17-55] 'set_property' expects at least one object. [D:/3-Autumn/Organization Principles/MakeComputer/FinalProjectFolder/MakeAComputer/thinpad_top/thinpad_top.srcs/constrs_1/new/thinpad_top.xdc:15]
Resolution: If [get_<value>] was used to populate the object, check to make sure this command returns at least one valid object.
WARNING: [Vivado 12-507] No nets matched 'clock_btn_IBUF'. [D:/3-Autumn/Organization Principles/MakeComputer/FinalProjectFolder/MakeAComputer/thinpad_top/thinpad_top.srcs/constrs_1/new/thinpad_top.xdc:18]
CRITICAL WARNING: [Common 17-55] 'set_property' expects at least one object. [D:/3-Autumn/Organization Principles/MakeComputer/FinalProjectFolder/MakeAComputer/thinpad_top/thinpad_top.srcs/constrs_1/new/thinpad_top.xdc:18]
Resolution: If [get_<value>] was used to populate the object, check to make sure this command returns at least one valid object.
WARNING: [Vivado 12-507] No nets matched 'reset_btn_IBUF'. [D:/3-Autumn/Organization Principles/MakeComputer/FinalProjectFolder/MakeAComputer/thinpad_top/thinpad_top.srcs/constrs_1/new/thinpad_top.xdc:19]
CRITICAL WARNING: [Common 17-55] 'set_property' expects at least one object. [D:/3-Autumn/Organization Principles/MakeComputer/FinalProjectFolder/MakeAComputer/thinpad_top/thinpad_top.srcs/constrs_1/new/thinpad_top.xdc:19]
Resolution: If [get_<value>] was used to populate the object, check to make sure this command returns at least one valid object.
WARNING: [Vivado 12-584] No ports matched 'uart_wrn'. [D:/3-Autumn/Organization Principles/MakeComputer/FinalProjectFolder/MakeAComputer/thinpad_top/thinpad_top.srcs/constrs_1/new/thinpad_top.xdc:22]
CRITICAL WARNING: [Common 17-55] 'set_property' expects at least one object. [D:/3-Autumn/Organization Principles/MakeComputer/FinalProjectFolder/MakeAComputer/thinpad_top/thinpad_top.srcs/constrs_1/new/thinpad_top.xdc:22]
Resolution: If [get_<value>] was used to populate the object, check to make sure this command returns at least one valid object.
WARNING: [Vivado 12-584] No ports matched 'uart_rdn'. [D:/3-Autumn/Organization Principles/MakeComputer/FinalProjectFolder/MakeAComputer/thinpad_top/thinpad_top.srcs/constrs_1/new/thinpad_top.xdc:23]
CRITICAL WARNING: [Common 17-55] 'set_property' expects at least one object. [D:/3-Autumn/Organization Principles/MakeComputer/FinalProjectFolder/MakeAComputer/thinpad_top/thinpad_top.srcs/constrs_1/new/thinpad_top.xdc:23]
Resolution: If [get_<value>] was used to populate the object, check to make sure this command returns at least one valid object.
WARNING: [Vivado 12-584] No ports matched 'uart_tbre'. [D:/3-Autumn/Organization Principles/MakeComputer/FinalProjectFolder/MakeAComputer/thinpad_top/thinpad_top.srcs/constrs_1/new/thinpad_top.xdc:24]
CRITICAL WARNING: [Common 17-55] 'set_property' expects at least one object. [D:/3-Autumn/Organization Principles/MakeComputer/FinalProjectFolder/MakeAComputer/thinpad_top/thinpad_top.srcs/constrs_1/new/thinpad_top.xdc:24]
Resolution: If [get_<value>] was used to populate the object, check to make sure this command returns at least one valid object.
WARNING: [Vivado 12-584] No ports matched 'uart_tsre'. [D:/3-Autumn/Organization Principles/MakeComputer/FinalProjectFolder/MakeAComputer/thinpad_top/thinpad_top.srcs/constrs_1/new/thinpad_top.xdc:25]
CRITICAL WARNING: [Common 17-55] 'set_property' expects at least one object. [D:/3-Autumn/Organization Principles/MakeComputer/FinalProjectFolder/MakeAComputer/thinpad_top/thinpad_top.srcs/constrs_1/new/thinpad_top.xdc:25]
Resolution: If [get_<value>] was used to populate the object, check to make sure this command returns at least one valid object.
WARNING: [Vivado 12-584] No ports matched 'uart_dataready'. [D:/3-Autumn/Organization Principles/MakeComputer/FinalProjectFolder/MakeAComputer/thinpad_top/thinpad_top.srcs/constrs_1/new/thinpad_top.xdc:26]
CRITICAL WARNING: [Common 17-55] 'set_property' expects at least one object. [D:/3-Autumn/Organization Principles/MakeComputer/FinalProjectFolder/MakeAComputer/thinpad_top/thinpad_top.srcs/constrs_1/new/thinpad_top.xdc:26]
Resolution: If [get_<value>] was used to populate the object, check to make sure this command returns at least one valid object.
WARNING: [Vivado 12-584] No ports matched 'txd'. [D:/3-Autumn/Organization Principles/MakeComputer/FinalProjectFolder/MakeAComputer/thinpad_top/thinpad_top.srcs/constrs_1/new/thinpad_top.xdc:29]
CRITICAL WARNING: [Common 17-55] 'set_property' expects at least one object. [D:/3-Autumn/Organization Principles/MakeComputer/FinalProjectFolder/MakeAComputer/thinpad_top/thinpad_top.srcs/constrs_1/new/thinpad_top.xdc:29]
Resolution: If [get_<value>] was used to populate the object, check to make sure this command returns at least one valid object.
WARNING: [Vivado 12-584] No ports matched 'rxd'. [D:/3-Autumn/Organization Principles/MakeComputer/FinalProjectFolder/MakeAComputer/thinpad_top/thinpad_top.srcs/constrs_1/new/thinpad_top.xdc:30]
CRITICAL WARNING: [Common 17-55] 'set_property' expects at least one object. [D:/3-Autumn/Organization Principles/MakeComputer/FinalProjectFolder/MakeAComputer/thinpad_top/thinpad_top.srcs/constrs_1/new/thinpad_top.xdc:30]
Resolution: If [get_<value>] was used to populate the object, check to make sure this command returns at least one valid object.
WARNING: [Vivado 12-584] No ports matched 'sl811_a0'. [D:/3-Autumn/Organization Principles/MakeComputer/FinalProjectFolder/MakeAComputer/thinpad_top/thinpad_top.srcs/constrs_1/new/thinpad_top.xdc:33]
CRITICAL WARNING: [Common 17-55] 'set_property' expects at least one object. [D:/3-Autumn/Organization Principles/MakeComputer/FinalProjectFolder/MakeAComputer/thinpad_top/thinpad_top.srcs/constrs_1/new/thinpad_top.xdc:33]
Resolution: If [get_<value>] was used to populate the object, check to make sure this command returns at least one valid object.
WARNING: [Vivado 12-584] No ports matched 'sl811_wr_n'. [D:/3-Autumn/Organization Principles/MakeComputer/FinalProjectFolder/MakeAComputer/thinpad_top/thinpad_top.srcs/constrs_1/new/thinpad_top.xdc:34]
CRITICAL WARNING: [Common 17-55] 'set_property' expects at least one object. [D:/3-Autumn/Organization Principles/MakeComputer/FinalProjectFolder/MakeAComputer/thinpad_top/thinpad_top.srcs/constrs_1/new/thinpad_top.xdc:34]
Resolution: If [get_<value>] was used to populate the object, check to make sure this command returns at least one valid object.
WARNING: [Vivado 12-584] No ports matched 'sl811_rd_n'. [D:/3-Autumn/Organization Principles/MakeComputer/FinalProjectFolder/MakeAComputer/thinpad_top/thinpad_top.srcs/constrs_1/new/thinpad_top.xdc:35]
CRITICAL WARNING: [Common 17-55] 'set_property' expects at least one object. [D:/3-Autumn/Organization Principles/MakeComputer/FinalProjectFolder/MakeAComputer/thinpad_top/thinpad_top.srcs/constrs_1/new/thinpad_top.xdc:35]
Resolution: If [get_<value>] was used to populate the object, check to make sure this command returns at least one valid object.
WARNING: [Vivado 12-584] No ports matched 'sl811_cs_n'. [D:/3-Autumn/Organization Principles/MakeComputer/FinalProjectFolder/MakeAComputer/thinpad_top/thinpad_top.srcs/constrs_1/new/thinpad_top.xdc:36]
CRITICAL WARNING: [Common 17-55] 'set_property' expects at least one object. [D:/3-Autumn/Organization Principles/MakeComputer/FinalProjectFolder/MakeAComputer/thinpad_top/thinpad_top.srcs/constrs_1/new/thinpad_top.xdc:36]
Resolution: If [get_<value>] was used to populate the object, check to make sure this command returns at least one valid object.
WARNING: [Vivado 12-584] No ports matched 'sl811_rst_n'. [D:/3-Autumn/Organization Principles/MakeComputer/FinalProjectFolder/MakeAComputer/thinpad_top/thinpad_top.srcs/constrs_1/new/thinpad_top.xdc:37]
CRITICAL WARNING: [Common 17-55] 'set_property' expects at least one object. [D:/3-Autumn/Organization Principles/MakeComputer/FinalProjectFolder/MakeAComputer/thinpad_top/thinpad_top.srcs/constrs_1/new/thinpad_top.xdc:37]
Resolution: If [get_<value>] was used to populate the object, check to make sure this command returns at least one valid object.
WARNING: [Vivado 12-584] No ports matched 'sl811_drq_n'. [D:/3-Autumn/Organization Principles/MakeComputer/FinalProjectFolder/MakeAComputer/thinpad_top/thinpad_top.srcs/constrs_1/new/thinpad_top.xdc:38]
CRITICAL WARNING: [Common 17-55] 'set_property' expects at least one object. [D:/3-Autumn/Organization Principles/MakeComputer/FinalProjectFolder/MakeAComputer/thinpad_top/thinpad_top.srcs/constrs_1/new/thinpad_top.xdc:38]
Resolution: If [get_<value>] was used to populate the object, check to make sure this command returns at least one valid object.
WARNING: [Vivado 12-584] No ports matched 'sl811_dack_n'. [D:/3-Autumn/Organization Principles/MakeComputer/FinalProjectFolder/MakeAComputer/thinpad_top/thinpad_top.srcs/constrs_1/new/thinpad_top.xdc:39]
CRITICAL WARNING: [Common 17-55] 'set_property' expects at least one object. [D:/3-Autumn/Organization Principles/MakeComputer/FinalProjectFolder/MakeAComputer/thinpad_top/thinpad_top.srcs/constrs_1/new/thinpad_top.xdc:39]
Resolution: If [get_<value>] was used to populate the object, check to make sure this command returns at least one valid object.
WARNING: [Vivado 12-584] No ports matched 'sl811_intrq'. [D:/3-Autumn/Organization Principles/MakeComputer/FinalProjectFolder/MakeAComputer/thinpad_top/thinpad_top.srcs/constrs_1/new/thinpad_top.xdc:40]
CRITICAL WARNING: [Common 17-55] 'set_property' expects at least one object. [D:/3-Autumn/Organization Principles/MakeComputer/FinalProjectFolder/MakeAComputer/thinpad_top/thinpad_top.srcs/constrs_1/new/thinpad_top.xdc:40]
Resolution: If [get_<value>] was used to populate the object, check to make sure this command returns at least one valid object.
WARNING: [Vivado 12-584] No ports matched 'dm9k_iow_n'. [D:/3-Autumn/Organization Principles/MakeComputer/FinalProjectFolder/MakeAComputer/thinpad_top/thinpad_top.srcs/constrs_1/new/thinpad_top.xdc:43]
CRITICAL WARNING: [Common 17-55] 'set_property' expects at least one object. [D:/3-Autumn/Organization Principles/MakeComputer/FinalProjectFolder/MakeAComputer/thinpad_top/thinpad_top.srcs/constrs_1/new/thinpad_top.xdc:43]
Resolution: If [get_<value>] was used to populate the object, check to make sure this command returns at least one valid object.
WARNING: [Vivado 12-584] No ports matched 'dm9k_ior_n'. [D:/3-Autumn/Organization Principles/MakeComputer/FinalProjectFolder/MakeAComputer/thinpad_top/thinpad_top.srcs/constrs_1/new/thinpad_top.xdc:44]
CRITICAL WARNING: [Common 17-55] 'set_property' expects at least one object. [D:/3-Autumn/Organization Principles/MakeComputer/FinalProjectFolder/MakeAComputer/thinpad_top/thinpad_top.srcs/constrs_1/new/thinpad_top.xdc:44]
Resolution: If [get_<value>] was used to populate the object, check to make sure this command returns at least one valid object.
WARNING: [Vivado 12-584] No ports matched 'dm9k_cs_n'. [D:/3-Autumn/Organization Principles/MakeComputer/FinalProjectFolder/MakeAComputer/thinpad_top/thinpad_top.srcs/constrs_1/new/thinpad_top.xdc:45]
CRITICAL WARNING: [Common 17-55] 'set_property' expects at least one object. [D:/3-Autumn/Organization Principles/MakeComputer/FinalProjectFolder/MakeAComputer/thinpad_top/thinpad_top.srcs/constrs_1/new/thinpad_top.xdc:45]
Resolution: If [get_<value>] was used to populate the object, check to make sure this command returns at least one valid object.
WARNING: [Vivado 12-584] No ports matched 'dm9k_pwrst_n'. [D:/3-Autumn/Organization Principles/MakeComputer/FinalProjectFolder/MakeAComputer/thinpad_top/thinpad_top.srcs/constrs_1/new/thinpad_top.xdc:46]
CRITICAL WARNING: [Common 17-55] 'set_property' expects at least one object. [D:/3-Autumn/Organization Principles/MakeComputer/FinalProjectFolder/MakeAComputer/thinpad_top/thinpad_top.srcs/constrs_1/new/thinpad_top.xdc:46]
Resolution: If [get_<value>] was used to populate the object, check to make sure this command returns at least one valid object.
WARNING: [Vivado 12-584] No ports matched 'dm9k_int'. [D:/3-Autumn/Organization Principles/MakeComputer/FinalProjectFolder/MakeAComputer/thinpad_top/thinpad_top.srcs/constrs_1/new/thinpad_top.xdc:47]
CRITICAL WARNING: [Common 17-55] 'set_property' expects at least one object. [D:/3-Autumn/Organization Principles/MakeComputer/FinalProjectFolder/MakeAComputer/thinpad_top/thinpad_top.srcs/constrs_1/new/thinpad_top.xdc:47]
Resolution: If [get_<value>] was used to populate the object, check to make sure this command returns at least one valid object.
WARNING: [Vivado 12-584] No ports matched 'dm9k_cmd'. [D:/3-Autumn/Organization Principles/MakeComputer/FinalProjectFolder/MakeAComputer/thinpad_top/thinpad_top.srcs/constrs_1/new/thinpad_top.xdc:48]
CRITICAL WARNING: [Common 17-55] 'set_property' expects at least one object. [D:/3-Autumn/Organization Principles/MakeComputer/FinalProjectFolder/MakeAComputer/thinpad_top/thinpad_top.srcs/constrs_1/new/thinpad_top.xdc:48]
Resolution: If [get_<value>] was used to populate the object, check to make sure this command returns at least one valid object.
WARNING: [Vivado 12-584] No ports matched 'dm9k_sd[0]'. [D:/3-Autumn/Organization Principles/MakeComputer/FinalProjectFolder/MakeAComputer/thinpad_top/thinpad_top.srcs/constrs_1/new/thinpad_top.xdc:49]
CRITICAL WARNING: [Common 17-55] 'set_property' expects at least one object. [D:/3-Autumn/Organization Principles/MakeComputer/FinalProjectFolder/MakeAComputer/thinpad_top/thinpad_top.srcs/constrs_1/new/thinpad_top.xdc:49]
Resolution: If [get_<value>] was used to populate the object, check to make sure this command returns at least one valid object.
WARNING: [Vivado 12-584] No ports matched 'dm9k_sd[1]'. [D:/3-Autumn/Organization Principles/MakeComputer/FinalProjectFolder/MakeAComputer/thinpad_top/thinpad_top.srcs/constrs_1/new/thinpad_top.xdc:50]
CRITICAL WARNING: [Common 17-55] 'set_property' expects at least one object. [D:/3-Autumn/Organization Principles/MakeComputer/FinalProjectFolder/MakeAComputer/thinpad_top/thinpad_top.srcs/constrs_1/new/thinpad_top.xdc:50]
Resolution: If [get_<value>] was used to populate the object, check to make sure this command returns at least one valid object.
WARNING: [Vivado 12-584] No ports matched 'dm9k_sd[2]'. [D:/3-Autumn/Organization Principles/MakeComputer/FinalProjectFolder/MakeAComputer/thinpad_top/thinpad_top.srcs/constrs_1/new/thinpad_top.xdc:51]
CRITICAL WARNING: [Common 17-55] 'set_property' expects at least one object. [D:/3-Autumn/Organization Principles/MakeComputer/FinalProjectFolder/MakeAComputer/thinpad_top/thinpad_top.srcs/constrs_1/new/thinpad_top.xdc:51]
Resolution: If [get_<value>] was used to populate the object, check to make sure this command returns at least one valid object.
WARNING: [Vivado 12-584] No ports matched 'dm9k_sd[3]'. [D:/3-Autumn/Organization Principles/MakeComputer/FinalProjectFolder/MakeAComputer/thinpad_top/thinpad_top.srcs/constrs_1/new/thinpad_top.xdc:52]
CRITICAL WARNING: [Common 17-55] 'set_property' expects at least one object. [D:/3-Autumn/Organization Principles/MakeComputer/FinalProjectFolder/MakeAComputer/thinpad_top/thinpad_top.srcs/constrs_1/new/thinpad_top.xdc:52]
Resolution: If [get_<value>] was used to populate the object, check to make sure this command returns at least one valid object.
WARNING: [Vivado 12-584] No ports matched 'dm9k_sd[4]'. [D:/3-Autumn/Organization Principles/MakeComputer/FinalProjectFolder/MakeAComputer/thinpad_top/thinpad_top.srcs/constrs_1/new/thinpad_top.xdc:53]
CRITICAL WARNING: [Common 17-55] 'set_property' expects at least one object. [D:/3-Autumn/Organization Principles/MakeComputer/FinalProjectFolder/MakeAComputer/thinpad_top/thinpad_top.srcs/constrs_1/new/thinpad_top.xdc:53]
Resolution: If [get_<value>] was used to populate the object, check to make sure this command returns at least one valid object.
WARNING: [Vivado 12-584] No ports matched 'dm9k_sd[5]'. [D:/3-Autumn/Organization Principles/MakeComputer/FinalProjectFolder/MakeAComputer/thinpad_top/thinpad_top.srcs/constrs_1/new/thinpad_top.xdc:54]
CRITICAL WARNING: [Common 17-55] 'set_property' expects at least one object. [D:/3-Autumn/Organization Principles/MakeComputer/FinalProjectFolder/MakeAComputer/thinpad_top/thinpad_top.srcs/constrs_1/new/thinpad_top.xdc:54]
Resolution: If [get_<value>] was used to populate the object, check to make sure this command returns at least one valid object.
WARNING: [Vivado 12-584] No ports matched 'dm9k_sd[6]'. [D:/3-Autumn/Organization Principles/MakeComputer/FinalProjectFolder/MakeAComputer/thinpad_top/thinpad_top.srcs/constrs_1/new/thinpad_top.xdc:55]
CRITICAL WARNING: [Common 17-55] 'set_property' expects at least one object. [D:/3-Autumn/Organization Principles/MakeComputer/FinalProjectFolder/MakeAComputer/thinpad_top/thinpad_top.srcs/constrs_1/new/thinpad_top.xdc:55]
Resolution: If [get_<value>] was used to populate the object, check to make sure this command returns at least one valid object.
WARNING: [Vivado 12-584] No ports matched 'dm9k_sd[7]'. [D:/3-Autumn/Organization Principles/MakeComputer/FinalProjectFolder/MakeAComputer/thinpad_top/thinpad_top.srcs/constrs_1/new/thinpad_top.xdc:56]
CRITICAL WARNING: [Common 17-55] 'set_property' expects at least one object. [D:/3-Autumn/Organization Principles/MakeComputer/FinalProjectFolder/MakeAComputer/thinpad_top/thinpad_top.srcs/constrs_1/new/thinpad_top.xdc:56]
Resolution: If [get_<value>] was used to populate the object, check to make sure this command returns at least one valid object.
WARNING: [Vivado 12-584] No ports matched 'dm9k_sd[8]'. [D:/3-Autumn/Organization Principles/MakeComputer/FinalProjectFolder/MakeAComputer/thinpad_top/thinpad_top.srcs/constrs_1/new/thinpad_top.xdc:57]
CRITICAL WARNING: [Common 17-55] 'set_property' expects at least one object. [D:/3-Autumn/Organization Principles/MakeComputer/FinalProjectFolder/MakeAComputer/thinpad_top/thinpad_top.srcs/constrs_1/new/thinpad_top.xdc:57]
Resolution: If [get_<value>] was used to populate the object, check to make sure this command returns at least one valid object.
WARNING: [Vivado 12-584] No ports matched 'dm9k_sd[9]'. [D:/3-Autumn/Organization Principles/MakeComputer/FinalProjectFolder/MakeAComputer/thinpad_top/thinpad_top.srcs/constrs_1/new/thinpad_top.xdc:58]
CRITICAL WARNING: [Common 17-55] 'set_property' expects at least one object. [D:/3-Autumn/Organization Principles/MakeComputer/FinalProjectFolder/MakeAComputer/thinpad_top/thinpad_top.srcs/constrs_1/new/thinpad_top.xdc:58]
Resolution: If [get_<value>] was used to populate the object, check to make sure this command returns at least one valid object.
WARNING: [Vivado 12-584] No ports matched 'dm9k_sd[10]'. [D:/3-Autumn/Organization Principles/MakeComputer/FinalProjectFolder/MakeAComputer/thinpad_top/thinpad_top.srcs/constrs_1/new/thinpad_top.xdc:59]
CRITICAL WARNING: [Common 17-55] 'set_property' expects at least one object. [D:/3-Autumn/Organization Principles/MakeComputer/FinalProjectFolder/MakeAComputer/thinpad_top/thinpad_top.srcs/constrs_1/new/thinpad_top.xdc:59]
Resolution: If [get_<value>] was used to populate the object, check to make sure this command returns at least one valid object.
WARNING: [Vivado 12-584] No ports matched 'dm9k_sd[11]'. [D:/3-Autumn/Organization Principles/MakeComputer/FinalProjectFolder/MakeAComputer/thinpad_top/thinpad_top.srcs/constrs_1/new/thinpad_top.xdc:60]
CRITICAL WARNING: [Common 17-55] 'set_property' expects at least one object. [D:/3-Autumn/Organization Principles/MakeComputer/FinalProjectFolder/MakeAComputer/thinpad_top/thinpad_top.srcs/constrs_1/new/thinpad_top.xdc:60]
Resolution: If [get_<value>] was used to populate the object, check to make sure this command returns at least one valid object.
WARNING: [Vivado 12-584] No ports matched 'dm9k_sd[12]'. [D:/3-Autumn/Organization Principles/MakeComputer/FinalProjectFolder/MakeAComputer/thinpad_top/thinpad_top.srcs/constrs_1/new/thinpad_top.xdc:61]
CRITICAL WARNING: [Common 17-55] 'set_property' expects at least one object. [D:/3-Autumn/Organization Principles/MakeComputer/FinalProjectFolder/MakeAComputer/thinpad_top/thinpad_top.srcs/constrs_1/new/thinpad_top.xdc:61]
Resolution: If [get_<value>] was used to populate the object, check to make sure this command returns at least one valid object.
WARNING: [Vivado 12-584] No ports matched 'dm9k_sd[13]'. [D:/3-Autumn/Organization Principles/MakeComputer/FinalProjectFolder/MakeAComputer/thinpad_top/thinpad_top.srcs/constrs_1/new/thinpad_top.xdc:62]
CRITICAL WARNING: [Common 17-55] 'set_property' expects at least one object. [D:/3-Autumn/Organization Principles/MakeComputer/FinalProjectFolder/MakeAComputer/thinpad_top/thinpad_top.srcs/constrs_1/new/thinpad_top.xdc:62]
Resolution: If [get_<value>] was used to populate the object, check to make sure this command returns at least one valid object.
WARNING: [Vivado 12-584] No ports matched 'dm9k_sd[14]'. [D:/3-Autumn/Organization Principles/MakeComputer/FinalProjectFolder/MakeAComputer/thinpad_top/thinpad_top.srcs/constrs_1/new/thinpad_top.xdc:63]
CRITICAL WARNING: [Common 17-55] 'set_property' expects at least one object. [D:/3-Autumn/Organization Principles/MakeComputer/FinalProjectFolder/MakeAComputer/thinpad_top/thinpad_top.srcs/constrs_1/new/thinpad_top.xdc:63]
Resolution: If [get_<value>] was used to populate the object, check to make sure this command returns at least one valid object.
WARNING: [Vivado 12-584] No ports matched 'dm9k_sd[15]'. [D:/3-Autumn/Organization Principles/MakeComputer/FinalProjectFolder/MakeAComputer/thinpad_top/thinpad_top.srcs/constrs_1/new/thinpad_top.xdc:64]
CRITICAL WARNING: [Common 17-55] 'set_property' expects at least one object. [D:/3-Autumn/Organization Principles/MakeComputer/FinalProjectFolder/MakeAComputer/thinpad_top/thinpad_top.srcs/constrs_1/new/thinpad_top.xdc:64]
Resolution: If [get_<value>] was used to populate the object, check to make sure this command returns at least one valid object.
WARNING: [Vivado 12-584] No ports matched 'video_clk'. [D:/3-Autumn/Organization Principles/MakeComputer/FinalProjectFolder/MakeAComputer/thinpad_top/thinpad_top.srcs/constrs_1/new/thinpad_top.xdc:67]
CRITICAL WARNING: [Common 17-55] 'set_property' expects at least one object. [D:/3-Autumn/Organization Principles/MakeComputer/FinalProjectFolder/MakeAComputer/thinpad_top/thinpad_top.srcs/constrs_1/new/thinpad_top.xdc:67]
Resolution: If [get_<value>] was used to populate the object, check to make sure this command returns at least one valid object.
WARNING: [Vivado 12-584] No ports matched 'video_red[2]'. [D:/3-Autumn/Organization Principles/MakeComputer/FinalProjectFolder/MakeAComputer/thinpad_top/thinpad_top.srcs/constrs_1/new/thinpad_top.xdc:68]
CRITICAL WARNING: [Common 17-55] 'set_property' expects at least one object. [D:/3-Autumn/Organization Principles/MakeComputer/FinalProjectFolder/MakeAComputer/thinpad_top/thinpad_top.srcs/constrs_1/new/thinpad_top.xdc:68]
Resolution: If [get_<value>] was used to populate the object, check to make sure this command returns at least one valid object.
WARNING: [Vivado 12-584] No ports matched 'video_red[1]'. [D:/3-Autumn/Organization Principles/MakeComputer/FinalProjectFolder/MakeAComputer/thinpad_top/thinpad_top.srcs/constrs_1/new/thinpad_top.xdc:69]
CRITICAL WARNING: [Common 17-55] 'set_property' expects at least one object. [D:/3-Autumn/Organization Principles/MakeComputer/FinalProjectFolder/MakeAComputer/thinpad_top/thinpad_top.srcs/constrs_1/new/thinpad_top.xdc:69]
Resolution: If [get_<value>] was used to populate the object, check to make sure this command returns at least one valid object.
WARNING: [Vivado 12-584] No ports matched 'video_red[0]'. [D:/3-Autumn/Organization Principles/MakeComputer/FinalProjectFolder/MakeAComputer/thinpad_top/thinpad_top.srcs/constrs_1/new/thinpad_top.xdc:70]
CRITICAL WARNING: [Common 17-55] 'set_property' expects at least one object. [D:/3-Autumn/Organization Principles/MakeComputer/FinalProjectFolder/MakeAComputer/thinpad_top/thinpad_top.srcs/constrs_1/new/thinpad_top.xdc:70]
Resolution: If [get_<value>] was used to populate the object, check to make sure this command returns at least one valid object.
WARNING: [Vivado 12-584] No ports matched 'video_green[2]'. [D:/3-Autumn/Organization Principles/MakeComputer/FinalProjectFolder/MakeAComputer/thinpad_top/thinpad_top.srcs/constrs_1/new/thinpad_top.xdc:71]
CRITICAL WARNING: [Common 17-55] 'set_property' expects at least one object. [D:/3-Autumn/Organization Principles/MakeComputer/FinalProjectFolder/MakeAComputer/thinpad_top/thinpad_top.srcs/constrs_1/new/thinpad_top.xdc:71]
Resolution: If [get_<value>] was used to populate the object, check to make sure this command returns at least one valid object.
WARNING: [Vivado 12-584] No ports matched 'video_green[1]'. [D:/3-Autumn/Organization Principles/MakeComputer/FinalProjectFolder/MakeAComputer/thinpad_top/thinpad_top.srcs/constrs_1/new/thinpad_top.xdc:72]
CRITICAL WARNING: [Common 17-55] 'set_property' expects at least one object. [D:/3-Autumn/Organization Principles/MakeComputer/FinalProjectFolder/MakeAComputer/thinpad_top/thinpad_top.srcs/constrs_1/new/thinpad_top.xdc:72]
Resolution: If [get_<value>] was used to populate the object, check to make sure this command returns at least one valid object.
WARNING: [Vivado 12-584] No ports matched 'video_green[0]'. [D:/3-Autumn/Organization Principles/MakeComputer/FinalProjectFolder/MakeAComputer/thinpad_top/thinpad_top.srcs/constrs_1/new/thinpad_top.xdc:73]
CRITICAL WARNING: [Common 17-55] 'set_property' expects at least one object. [D:/3-Autumn/Organization Principles/MakeComputer/FinalProjectFolder/MakeAComputer/thinpad_top/thinpad_top.srcs/constrs_1/new/thinpad_top.xdc:73]
Resolution: If [get_<value>] was used to populate the object, check to make sure this command returns at least one valid object.
WARNING: [Vivado 12-584] No ports matched 'video_blue[1]'. [D:/3-Autumn/Organization Principles/MakeComputer/FinalProjectFolder/MakeAComputer/thinpad_top/thinpad_top.srcs/constrs_1/new/thinpad_top.xdc:74]
CRITICAL WARNING: [Common 17-55] 'set_property' expects at least one object. [D:/3-Autumn/Organization Principles/MakeComputer/FinalProjectFolder/MakeAComputer/thinpad_top/thinpad_top.srcs/constrs_1/new/thinpad_top.xdc:74]
Resolution: If [get_<value>] was used to populate the object, check to make sure this command returns at least one valid object.
WARNING: [Vivado 12-584] No ports matched 'video_blue[0]'. [D:/3-Autumn/Organization Principles/MakeComputer/FinalProjectFolder/MakeAComputer/thinpad_top/thinpad_top.srcs/constrs_1/new/thinpad_top.xdc:75]
CRITICAL WARNING: [Common 17-55] 'set_property' expects at least one object. [D:/3-Autumn/Organization Principles/MakeComputer/FinalProjectFolder/MakeAComputer/thinpad_top/thinpad_top.srcs/constrs_1/new/thinpad_top.xdc:75]
Resolution: If [get_<value>] was used to populate the object, check to make sure this command returns at least one valid object.
WARNING: [Vivado 12-584] No ports matched 'video_hsync'. [D:/3-Autumn/Organization Principles/MakeComputer/FinalProjectFolder/MakeAComputer/thinpad_top/thinpad_top.srcs/constrs_1/new/thinpad_top.xdc:76]
CRITICAL WARNING: [Common 17-55] 'set_property' expects at least one object. [D:/3-Autumn/Organization Principles/MakeComputer/FinalProjectFolder/MakeAComputer/thinpad_top/thinpad_top.srcs/constrs_1/new/thinpad_top.xdc:76]
Resolution: If [get_<value>] was used to populate the object, check to make sure this command returns at least one valid object.
WARNING: [Vivado 12-584] No ports matched 'video_vsync'. [D:/3-Autumn/Organization Principles/MakeComputer/FinalProjectFolder/MakeAComputer/thinpad_top/thinpad_top.srcs/constrs_1/new/thinpad_top.xdc:77]
CRITICAL WARNING: [Common 17-55] 'set_property' expects at least one object. [D:/3-Autumn/Organization Principles/MakeComputer/FinalProjectFolder/MakeAComputer/thinpad_top/thinpad_top.srcs/constrs_1/new/thinpad_top.xdc:77]
Resolution: If [get_<value>] was used to populate the object, check to make sure this command returns at least one valid object.
WARNING: [Vivado 12-584] No ports matched 'video_de'. [D:/3-Autumn/Organization Principles/MakeComputer/FinalProjectFolder/MakeAComputer/thinpad_top/thinpad_top.srcs/constrs_1/new/thinpad_top.xdc:78]
CRITICAL WARNING: [Common 17-55] 'set_property' expects at least one object. [D:/3-Autumn/Organization Principles/MakeComputer/FinalProjectFolder/MakeAComputer/thinpad_top/thinpad_top.srcs/constrs_1/new/thinpad_top.xdc:78]
Resolution: If [get_<value>] was used to populate the object, check to make sure this command returns at least one valid object.
WARNING: [Vivado 12-584] No ports matched 'leds[0]'. [D:/3-Autumn/Organization Principles/MakeComputer/FinalProjectFolder/MakeAComputer/thinpad_top/thinpad_top.srcs/constrs_1/new/thinpad_top.xdc:81]
CRITICAL WARNING: [Common 17-55] 'set_property' expects at least one object. [D:/3-Autumn/Organization Principles/MakeComputer/FinalProjectFolder/MakeAComputer/thinpad_top/thinpad_top.srcs/constrs_1/new/thinpad_top.xdc:81]
Resolution: If [get_<value>] was used to populate the object, check to make sure this command returns at least one valid object.
WARNING: [Vivado 12-584] No ports matched 'leds[1]'. [D:/3-Autumn/Organization Principles/MakeComputer/FinalProjectFolder/MakeAComputer/thinpad_top/thinpad_top.srcs/constrs_1/new/thinpad_top.xdc:82]
CRITICAL WARNING: [Common 17-55] 'set_property' expects at least one object. [D:/3-Autumn/Organization Principles/MakeComputer/FinalProjectFolder/MakeAComputer/thinpad_top/thinpad_top.srcs/constrs_1/new/thinpad_top.xdc:82]
Resolution: If [get_<value>] was used to populate the object, check to make sure this command returns at least one valid object.
WARNING: [Vivado 12-584] No ports matched 'leds[2]'. [D:/3-Autumn/Organization Principles/MakeComputer/FinalProjectFolder/MakeAComputer/thinpad_top/thinpad_top.srcs/constrs_1/new/thinpad_top.xdc:83]
CRITICAL WARNING: [Common 17-55] 'set_property' expects at least one object. [D:/3-Autumn/Organization Principles/MakeComputer/FinalProjectFolder/MakeAComputer/thinpad_top/thinpad_top.srcs/constrs_1/new/thinpad_top.xdc:83]
Resolution: If [get_<value>] was used to populate the object, check to make sure this command returns at least one valid object.
WARNING: [Vivado 12-584] No ports matched 'leds[3]'. [D:/3-Autumn/Organization Principles/MakeComputer/FinalProjectFolder/MakeAComputer/thinpad_top/thinpad_top.srcs/constrs_1/new/thinpad_top.xdc:84]
CRITICAL WARNING: [Common 17-55] 'set_property' expects at least one object. [D:/3-Autumn/Organization Principles/MakeComputer/FinalProjectFolder/MakeAComputer/thinpad_top/thinpad_top.srcs/constrs_1/new/thinpad_top.xdc:84]
Resolution: If [get_<value>] was used to populate the object, check to make sure this command returns at least one valid object.
WARNING: [Vivado 12-584] No ports matched 'leds[4]'. [D:/3-Autumn/Organization Principles/MakeComputer/FinalProjectFolder/MakeAComputer/thinpad_top/thinpad_top.srcs/constrs_1/new/thinpad_top.xdc:85]
CRITICAL WARNING: [Common 17-55] 'set_property' expects at least one object. [D:/3-Autumn/Organization Principles/MakeComputer/FinalProjectFolder/MakeAComputer/thinpad_top/thinpad_top.srcs/constrs_1/new/thinpad_top.xdc:85]
Resolution: If [get_<value>] was used to populate the object, check to make sure this command returns at least one valid object.
WARNING: [Vivado 12-584] No ports matched 'leds[5]'. [D:/3-Autumn/Organization Principles/MakeComputer/FinalProjectFolder/MakeAComputer/thinpad_top/thinpad_top.srcs/constrs_1/new/thinpad_top.xdc:86]
CRITICAL WARNING: [Common 17-55] 'set_property' expects at least one object. [D:/3-Autumn/Organization Principles/MakeComputer/FinalProjectFolder/MakeAComputer/thinpad_top/thinpad_top.srcs/constrs_1/new/thinpad_top.xdc:86]
Resolution: If [get_<value>] was used to populate the object, check to make sure this command returns at least one valid object.
WARNING: [Vivado 12-584] No ports matched 'leds[6]'. [D:/3-Autumn/Organization Principles/MakeComputer/FinalProjectFolder/MakeAComputer/thinpad_top/thinpad_top.srcs/constrs_1/new/thinpad_top.xdc:87]
CRITICAL WARNING: [Common 17-55] 'set_property' expects at least one object. [D:/3-Autumn/Organization Principles/MakeComputer/FinalProjectFolder/MakeAComputer/thinpad_top/thinpad_top.srcs/constrs_1/new/thinpad_top.xdc:87]
Resolution: If [get_<value>] was used to populate the object, check to make sure this command returns at least one valid object.
WARNING: [Vivado 12-584] No ports matched 'leds[7]'. [D:/3-Autumn/Organization Principles/MakeComputer/FinalProjectFolder/MakeAComputer/thinpad_top/thinpad_top.srcs/constrs_1/new/thinpad_top.xdc:88]
CRITICAL WARNING: [Common 17-55] 'set_property' expects at least one object. [D:/3-Autumn/Organization Principles/MakeComputer/FinalProjectFolder/MakeAComputer/thinpad_top/thinpad_top.srcs/constrs_1/new/thinpad_top.xdc:88]
Resolution: If [get_<value>] was used to populate the object, check to make sure this command returns at least one valid object.
WARNING: [Vivado 12-584] No ports matched 'leds[8]'. [D:/3-Autumn/Organization Principles/MakeComputer/FinalProjectFolder/MakeAComputer/thinpad_top/thinpad_top.srcs/constrs_1/new/thinpad_top.xdc:89]
CRITICAL WARNING: [Common 17-55] 'set_property' expects at least one object. [D:/3-Autumn/Organization Principles/MakeComputer/FinalProjectFolder/MakeAComputer/thinpad_top/thinpad_top.srcs/constrs_1/new/thinpad_top.xdc:89]
Resolution: If [get_<value>] was used to populate the object, check to make sure this command returns at least one valid object.
WARNING: [Vivado 12-584] No ports matched 'leds[9]'. [D:/3-Autumn/Organization Principles/MakeComputer/FinalProjectFolder/MakeAComputer/thinpad_top/thinpad_top.srcs/constrs_1/new/thinpad_top.xdc:90]
CRITICAL WARNING: [Common 17-55] 'set_property' expects at least one object. [D:/3-Autumn/Organization Principles/MakeComputer/FinalProjectFolder/MakeAComputer/thinpad_top/thinpad_top.srcs/constrs_1/new/thinpad_top.xdc:90]
Resolution: If [get_<value>] was used to populate the object, check to make sure this command returns at least one valid object.
WARNING: [Vivado 12-584] No ports matched 'leds[10]'. [D:/3-Autumn/Organization Principles/MakeComputer/FinalProjectFolder/MakeAComputer/thinpad_top/thinpad_top.srcs/constrs_1/new/thinpad_top.xdc:91]
CRITICAL WARNING: [Common 17-55] 'set_property' expects at least one object. [D:/3-Autumn/Organization Principles/MakeComputer/FinalProjectFolder/MakeAComputer/thinpad_top/thinpad_top.srcs/constrs_1/new/thinpad_top.xdc:91]
Resolution: If [get_<value>] was used to populate the object, check to make sure this command returns at least one valid object.
WARNING: [Vivado 12-584] No ports matched 'leds[11]'. [D:/3-Autumn/Organization Principles/MakeComputer/FinalProjectFolder/MakeAComputer/thinpad_top/thinpad_top.srcs/constrs_1/new/thinpad_top.xdc:92]
CRITICAL WARNING: [Common 17-55] 'set_property' expects at least one object. [D:/3-Autumn/Organization Principles/MakeComputer/FinalProjectFolder/MakeAComputer/thinpad_top/thinpad_top.srcs/constrs_1/new/thinpad_top.xdc:92]
Resolution: If [get_<value>] was used to populate the object, check to make sure this command returns at least one valid object.
WARNING: [Vivado 12-584] No ports matched 'leds[12]'. [D:/3-Autumn/Organization Principles/MakeComputer/FinalProjectFolder/MakeAComputer/thinpad_top/thinpad_top.srcs/constrs_1/new/thinpad_top.xdc:93]
CRITICAL WARNING: [Common 17-55] 'set_property' expects at least one object. [D:/3-Autumn/Organization Principles/MakeComputer/FinalProjectFolder/MakeAComputer/thinpad_top/thinpad_top.srcs/constrs_1/new/thinpad_top.xdc:93]
Resolution: If [get_<value>] was used to populate the object, check to make sure this command returns at least one valid object.
WARNING: [Vivado 12-584] No ports matched 'leds[13]'. [D:/3-Autumn/Organization Principles/MakeComputer/FinalProjectFolder/MakeAComputer/thinpad_top/thinpad_top.srcs/constrs_1/new/thinpad_top.xdc:94]
CRITICAL WARNING: [Common 17-55] 'set_property' expects at least one object. [D:/3-Autumn/Organization Principles/MakeComputer/FinalProjectFolder/MakeAComputer/thinpad_top/thinpad_top.srcs/constrs_1/new/thinpad_top.xdc:94]
Resolution: If [get_<value>] was used to populate the object, check to make sure this command returns at least one valid object.
WARNING: [Vivado 12-584] No ports matched 'leds[14]'. [D:/3-Autumn/Organization Principles/MakeComputer/FinalProjectFolder/MakeAComputer/thinpad_top/thinpad_top.srcs/constrs_1/new/thinpad_top.xdc:95]
CRITICAL WARNING: [Common 17-55] 'set_property' expects at least one object. [D:/3-Autumn/Organization Principles/MakeComputer/FinalProjectFolder/MakeAComputer/thinpad_top/thinpad_top.srcs/constrs_1/new/thinpad_top.xdc:95]
Resolution: If [get_<value>] was used to populate the object, check to make sure this command returns at least one valid object.
WARNING: [Vivado 12-584] No ports matched 'leds[15]'. [D:/3-Autumn/Organization Principles/MakeComputer/FinalProjectFolder/MakeAComputer/thinpad_top/thinpad_top.srcs/constrs_1/new/thinpad_top.xdc:96]
CRITICAL WARNING: [Common 17-55] 'set_property' expects at least one object. [D:/3-Autumn/Organization Principles/MakeComputer/FinalProjectFolder/MakeAComputer/thinpad_top/thinpad_top.srcs/constrs_1/new/thinpad_top.xdc:96]
Resolution: If [get_<value>] was used to populate the object, check to make sure this command returns at least one valid object.
WARNING: [Vivado 12-584] No ports matched 'dpy0[0]'. [D:/3-Autumn/Organization Principles/MakeComputer/FinalProjectFolder/MakeAComputer/thinpad_top/thinpad_top.srcs/constrs_1/new/thinpad_top.xdc:99]
CRITICAL WARNING: [Common 17-55] 'set_property' expects at least one object. [D:/3-Autumn/Organization Principles/MakeComputer/FinalProjectFolder/MakeAComputer/thinpad_top/thinpad_top.srcs/constrs_1/new/thinpad_top.xdc:99]
Resolution: If [get_<value>] was used to populate the object, check to make sure this command returns at least one valid object.
WARNING: [Vivado 12-584] No ports matched 'dpy0[1]'. [D:/3-Autumn/Organization Principles/MakeComputer/FinalProjectFolder/MakeAComputer/thinpad_top/thinpad_top.srcs/constrs_1/new/thinpad_top.xdc:100]
CRITICAL WARNING: [Common 17-55] 'set_property' expects at least one object. [D:/3-Autumn/Organization Principles/MakeComputer/FinalProjectFolder/MakeAComputer/thinpad_top/thinpad_top.srcs/constrs_1/new/thinpad_top.xdc:100]
Resolution: If [get_<value>] was used to populate the object, check to make sure this command returns at least one valid object.
WARNING: [Vivado 12-584] No ports matched 'dpy0[2]'. [D:/3-Autumn/Organization Principles/MakeComputer/FinalProjectFolder/MakeAComputer/thinpad_top/thinpad_top.srcs/constrs_1/new/thinpad_top.xdc:101]
CRITICAL WARNING: [Common 17-55] 'set_property' expects at least one object. [D:/3-Autumn/Organization Principles/MakeComputer/FinalProjectFolder/MakeAComputer/thinpad_top/thinpad_top.srcs/constrs_1/new/thinpad_top.xdc:101]
Resolution: If [get_<value>] was used to populate the object, check to make sure this command returns at least one valid object.
WARNING: [Vivado 12-584] No ports matched 'dpy0[3]'. [D:/3-Autumn/Organization Principles/MakeComputer/FinalProjectFolder/MakeAComputer/thinpad_top/thinpad_top.srcs/constrs_1/new/thinpad_top.xdc:102]
CRITICAL WARNING: [Common 17-55] 'set_property' expects at least one object. [D:/3-Autumn/Organization Principles/MakeComputer/FinalProjectFolder/MakeAComputer/thinpad_top/thinpad_top.srcs/constrs_1/new/thinpad_top.xdc:102]
Resolution: If [get_<value>] was used to populate the object, check to make sure this command returns at least one valid object.
WARNING: [Vivado 12-584] No ports matched 'dpy0[4]'. [D:/3-Autumn/Organization Principles/MakeComputer/FinalProjectFolder/MakeAComputer/thinpad_top/thinpad_top.srcs/constrs_1/new/thinpad_top.xdc:103]
CRITICAL WARNING: [Common 17-55] 'set_property' expects at least one object. [D:/3-Autumn/Organization Principles/MakeComputer/FinalProjectFolder/MakeAComputer/thinpad_top/thinpad_top.srcs/constrs_1/new/thinpad_top.xdc:103]
Resolution: If [get_<value>] was used to populate the object, check to make sure this command returns at least one valid object.
WARNING: [Vivado 12-584] No ports matched 'dpy0[5]'. [D:/3-Autumn/Organization Principles/MakeComputer/FinalProjectFolder/MakeAComputer/thinpad_top/thinpad_top.srcs/constrs_1/new/thinpad_top.xdc:104]
CRITICAL WARNING: [Common 17-55] 'set_property' expects at least one object. [D:/3-Autumn/Organization Principles/MakeComputer/FinalProjectFolder/MakeAComputer/thinpad_top/thinpad_top.srcs/constrs_1/new/thinpad_top.xdc:104]
Resolution: If [get_<value>] was used to populate the object, check to make sure this command returns at least one valid object.
WARNING: [Vivado 12-584] No ports matched 'dpy0[6]'. [D:/3-Autumn/Organization Principles/MakeComputer/FinalProjectFolder/MakeAComputer/thinpad_top/thinpad_top.srcs/constrs_1/new/thinpad_top.xdc:105]
CRITICAL WARNING: [Common 17-55] 'set_property' expects at least one object. [D:/3-Autumn/Organization Principles/MakeComputer/FinalProjectFolder/MakeAComputer/thinpad_top/thinpad_top.srcs/constrs_1/new/thinpad_top.xdc:105]
Resolution: If [get_<value>] was used to populate the object, check to make sure this command returns at least one valid object.
WARNING: [Vivado 12-584] No ports matched 'dpy0[7]'. [D:/3-Autumn/Organization Principles/MakeComputer/FinalProjectFolder/MakeAComputer/thinpad_top/thinpad_top.srcs/constrs_1/new/thinpad_top.xdc:106]
CRITICAL WARNING: [Common 17-55] 'set_property' expects at least one object. [D:/3-Autumn/Organization Principles/MakeComputer/FinalProjectFolder/MakeAComputer/thinpad_top/thinpad_top.srcs/constrs_1/new/thinpad_top.xdc:106]
Resolution: If [get_<value>] was used to populate the object, check to make sure this command returns at least one valid object.
WARNING: [Vivado 12-584] No ports matched 'dpy1[0]'. [D:/3-Autumn/Organization Principles/MakeComputer/FinalProjectFolder/MakeAComputer/thinpad_top/thinpad_top.srcs/constrs_1/new/thinpad_top.xdc:109]
CRITICAL WARNING: [Common 17-55] 'set_property' expects at least one object. [D:/3-Autumn/Organization Principles/MakeComputer/FinalProjectFolder/MakeAComputer/thinpad_top/thinpad_top.srcs/constrs_1/new/thinpad_top.xdc:109]
Resolution: If [get_<value>] was used to populate the object, check to make sure this command returns at least one valid object.
WARNING: [Vivado 12-584] No ports matched 'dpy1[1]'. [D:/3-Autumn/Organization Principles/MakeComputer/FinalProjectFolder/MakeAComputer/thinpad_top/thinpad_top.srcs/constrs_1/new/thinpad_top.xdc:110]
CRITICAL WARNING: [Common 17-55] 'set_property' expects at least one object. [D:/3-Autumn/Organization Principles/MakeComputer/FinalProjectFolder/MakeAComputer/thinpad_top/thinpad_top.srcs/constrs_1/new/thinpad_top.xdc:110]
Resolution: If [get_<value>] was used to populate the object, check to make sure this command returns at least one valid object.
WARNING: [Vivado 12-584] No ports matched 'dpy1[2]'. [D:/3-Autumn/Organization Principles/MakeComputer/FinalProjectFolder/MakeAComputer/thinpad_top/thinpad_top.srcs/constrs_1/new/thinpad_top.xdc:111]
CRITICAL WARNING: [Common 17-55] 'set_property' expects at least one object. [D:/3-Autumn/Organization Principles/MakeComputer/FinalProjectFolder/MakeAComputer/thinpad_top/thinpad_top.srcs/constrs_1/new/thinpad_top.xdc:111]
Resolution: If [get_<value>] was used to populate the object, check to make sure this command returns at least one valid object.
WARNING: [Vivado 12-584] No ports matched 'dpy1[3]'. [D:/3-Autumn/Organization Principles/MakeComputer/FinalProjectFolder/MakeAComputer/thinpad_top/thinpad_top.srcs/constrs_1/new/thinpad_top.xdc:112]
CRITICAL WARNING: [Common 17-55] 'set_property' expects at least one object. [D:/3-Autumn/Organization Principles/MakeComputer/FinalProjectFolder/MakeAComputer/thinpad_top/thinpad_top.srcs/constrs_1/new/thinpad_top.xdc:112]
Resolution: If [get_<value>] was used to populate the object, check to make sure this command returns at least one valid object.
WARNING: [Vivado 12-584] No ports matched 'dpy1[4]'. [D:/3-Autumn/Organization Principles/MakeComputer/FinalProjectFolder/MakeAComputer/thinpad_top/thinpad_top.srcs/constrs_1/new/thinpad_top.xdc:113]
CRITICAL WARNING: [Common 17-55] 'set_property' expects at least one object. [D:/3-Autumn/Organization Principles/MakeComputer/FinalProjectFolder/MakeAComputer/thinpad_top/thinpad_top.srcs/constrs_1/new/thinpad_top.xdc:113]
Resolution: If [get_<value>] was used to populate the object, check to make sure this command returns at least one valid object.
WARNING: [Vivado 12-584] No ports matched 'dpy1[5]'. [D:/3-Autumn/Organization Principles/MakeComputer/FinalProjectFolder/MakeAComputer/thinpad_top/thinpad_top.srcs/constrs_1/new/thinpad_top.xdc:114]
CRITICAL WARNING: [Common 17-55] 'set_property' expects at least one object. [D:/3-Autumn/Organization Principles/MakeComputer/FinalProjectFolder/MakeAComputer/thinpad_top/thinpad_top.srcs/constrs_1/new/thinpad_top.xdc:114]
Resolution: If [get_<value>] was used to populate the object, check to make sure this command returns at least one valid object.
WARNING: [Vivado 12-584] No ports matched 'dpy1[6]'. [D:/3-Autumn/Organization Principles/MakeComputer/FinalProjectFolder/MakeAComputer/thinpad_top/thinpad_top.srcs/constrs_1/new/thinpad_top.xdc:115]
CRITICAL WARNING: [Common 17-55] 'set_property' expects at least one object. [D:/3-Autumn/Organization Principles/MakeComputer/FinalProjectFolder/MakeAComputer/thinpad_top/thinpad_top.srcs/constrs_1/new/thinpad_top.xdc:115]
Resolution: If [get_<value>] was used to populate the object, check to make sure this command returns at least one valid object.
WARNING: [Vivado 12-584] No ports matched 'dpy1[7]'. [D:/3-Autumn/Organization Principles/MakeComputer/FinalProjectFolder/MakeAComputer/thinpad_top/thinpad_top.srcs/constrs_1/new/thinpad_top.xdc:116]
CRITICAL WARNING: [Common 17-55] 'set_property' expects at least one object. [D:/3-Autumn/Organization Principles/MakeComputer/FinalProjectFolder/MakeAComputer/thinpad_top/thinpad_top.srcs/constrs_1/new/thinpad_top.xdc:116]
Resolution: If [get_<value>] was used to populate the object, check to make sure this command returns at least one valid object.
WARNING: [Vivado 12-584] No ports matched 'dip_sw[0]'. [D:/3-Autumn/Organization Principles/MakeComputer/FinalProjectFolder/MakeAComputer/thinpad_top/thinpad_top.srcs/constrs_1/new/thinpad_top.xdc:119]
CRITICAL WARNING: [Common 17-55] 'set_property' expects at least one object. [D:/3-Autumn/Organization Principles/MakeComputer/FinalProjectFolder/MakeAComputer/thinpad_top/thinpad_top.srcs/constrs_1/new/thinpad_top.xdc:119]
Resolution: If [get_<value>] was used to populate the object, check to make sure this command returns at least one valid object.
WARNING: [Vivado 12-584] No ports matched 'dip_sw[1]'. [D:/3-Autumn/Organization Principles/MakeComputer/FinalProjectFolder/MakeAComputer/thinpad_top/thinpad_top.srcs/constrs_1/new/thinpad_top.xdc:120]
CRITICAL WARNING: [Common 17-55] 'set_property' expects at least one object. [D:/3-Autumn/Organization Principles/MakeComputer/FinalProjectFolder/MakeAComputer/thinpad_top/thinpad_top.srcs/constrs_1/new/thinpad_top.xdc:120]
Resolution: If [get_<value>] was used to populate the object, check to make sure this command returns at least one valid object.
WARNING: [Vivado 12-584] No ports matched 'dip_sw[2]'. [D:/3-Autumn/Organization Principles/MakeComputer/FinalProjectFolder/MakeAComputer/thinpad_top/thinpad_top.srcs/constrs_1/new/thinpad_top.xdc:121]
CRITICAL WARNING: [Common 17-55] 'set_property' expects at least one object. [D:/3-Autumn/Organization Principles/MakeComputer/FinalProjectFolder/MakeAComputer/thinpad_top/thinpad_top.srcs/constrs_1/new/thinpad_top.xdc:121]
Resolution: If [get_<value>] was used to populate the object, check to make sure this command returns at least one valid object.
WARNING: [Vivado 12-584] No ports matched 'dip_sw[3]'. [D:/3-Autumn/Organization Principles/MakeComputer/FinalProjectFolder/MakeAComputer/thinpad_top/thinpad_top.srcs/constrs_1/new/thinpad_top.xdc:122]
CRITICAL WARNING: [Common 17-55] 'set_property' expects at least one object. [D:/3-Autumn/Organization Principles/MakeComputer/FinalProjectFolder/MakeAComputer/thinpad_top/thinpad_top.srcs/constrs_1/new/thinpad_top.xdc:122]
Resolution: If [get_<value>] was used to populate the object, check to make sure this command returns at least one valid object.
WARNING: [Vivado 12-584] No ports matched 'dip_sw[4]'. [D:/3-Autumn/Organization Principles/MakeComputer/FinalProjectFolder/MakeAComputer/thinpad_top/thinpad_top.srcs/constrs_1/new/thinpad_top.xdc:123]
CRITICAL WARNING: [Common 17-55] 'set_property' expects at least one object. [D:/3-Autumn/Organization Principles/MakeComputer/FinalProjectFolder/MakeAComputer/thinpad_top/thinpad_top.srcs/constrs_1/new/thinpad_top.xdc:123]
Resolution: If [get_<value>] was used to populate the object, check to make sure this command returns at least one valid object.
WARNING: [Vivado 12-584] No ports matched 'dip_sw[5]'. [D:/3-Autumn/Organization Principles/MakeComputer/FinalProjectFolder/MakeAComputer/thinpad_top/thinpad_top.srcs/constrs_1/new/thinpad_top.xdc:124]
CRITICAL WARNING: [Common 17-55] 'set_property' expects at least one object. [D:/3-Autumn/Organization Principles/MakeComputer/FinalProjectFolder/MakeAComputer/thinpad_top/thinpad_top.srcs/constrs_1/new/thinpad_top.xdc:124]
Resolution: If [get_<value>] was used to populate the object, check to make sure this command returns at least one valid object.
WARNING: [Vivado 12-584] No ports matched 'dip_sw[6]'. [D:/3-Autumn/Organization Principles/MakeComputer/FinalProjectFolder/MakeAComputer/thinpad_top/thinpad_top.srcs/constrs_1/new/thinpad_top.xdc:125]
CRITICAL WARNING: [Common 17-55] 'set_property' expects at least one object. [D:/3-Autumn/Organization Principles/MakeComputer/FinalProjectFolder/MakeAComputer/thinpad_top/thinpad_top.srcs/constrs_1/new/thinpad_top.xdc:125]
Resolution: If [get_<value>] was used to populate the object, check to make sure this command returns at least one valid object.
WARNING: [Vivado 12-584] No ports matched 'dip_sw[7]'. [D:/3-Autumn/Organization Principles/MakeComputer/FinalProjectFolder/MakeAComputer/thinpad_top/thinpad_top.srcs/constrs_1/new/thinpad_top.xdc:126]
CRITICAL WARNING: [Common 17-55] 'set_property' expects at least one object. [D:/3-Autumn/Organization Principles/MakeComputer/FinalProjectFolder/MakeAComputer/thinpad_top/thinpad_top.srcs/constrs_1/new/thinpad_top.xdc:126]
Resolution: If [get_<value>] was used to populate the object, check to make sure this command returns at least one valid object.
WARNING: [Vivado 12-584] No ports matched 'dip_sw[8]'. [D:/3-Autumn/Organization Principles/MakeComputer/FinalProjectFolder/MakeAComputer/thinpad_top/thinpad_top.srcs/constrs_1/new/thinpad_top.xdc:127]
INFO: [Common 17-14] Message 'Vivado 12-584' appears 100 times and further instances of the messages will be disabled. Use the Tcl command set_msg_config to change the current settings. [D:/3-Autumn/Organization Principles/MakeComputer/FinalProjectFolder/MakeAComputer/thinpad_top/thinpad_top.srcs/constrs_1/new/thinpad_top.xdc:127]
Finished Parsing XDC File [D:/3-Autumn/Organization Principles/MakeComputer/FinalProjectFolder/MakeAComputer/thinpad_top/thinpad_top.srcs/constrs_1/new/thinpad_top.xdc]
Completed Processing XDC Constraints

INFO: [Project 1-111] Unisim Transformation Summary:
No Unisim elements were transformed.

Constraint Validation Runtime : Time (s): cpu = 00:00:00 ; elapsed = 00:00:00.005 . Memory (MB): peak = 697.688 ; gain = 0.000
---------------------------------------------------------------------------------
Finished Constraint Validation : Time (s): cpu = 00:00:14 ; elapsed = 00:00:18 . Memory (MB): peak = 697.688 ; gain = 432.727
---------------------------------------------------------------------------------
---------------------------------------------------------------------------------
Start Loading Part and Timing Information
---------------------------------------------------------------------------------
Loading part: xc7a100tfgg676-2L
---------------------------------------------------------------------------------
Finished Loading Part and Timing Information : Time (s): cpu = 00:00:14 ; elapsed = 00:00:18 . Memory (MB): peak = 697.688 ; gain = 432.727
---------------------------------------------------------------------------------
---------------------------------------------------------------------------------
Start Applying 'set_property' XDC Constraints
---------------------------------------------------------------------------------
---------------------------------------------------------------------------------
Finished applying 'set_property' XDC Constraints : Time (s): cpu = 00:00:14 ; elapsed = 00:00:18 . Memory (MB): peak = 697.688 ; gain = 432.727
---------------------------------------------------------------------------------
---------------------------------------------------------------------------------
Finished RTL Optimization Phase 2 : Time (s): cpu = 00:00:14 ; elapsed = 00:00:18 . Memory (MB): peak = 697.688 ; gain = 432.727
---------------------------------------------------------------------------------

Report RTL Partitions: 
+-+--------------+------------+----------+
| |RTL Partition |Replication |Instances |
+-+--------------+------------+----------+
+-+--------------+------------+----------+
---------------------------------------------------------------------------------
Start RTL Component Statistics 
---------------------------------------------------------------------------------
Detailed RTL Component Info : 
+---RAMs : 
	             1024 Bit         RAMs := 1     
+---Muxes : 
	   2 Input     32 Bit        Muxes := 4     
	   2 Input      1 Bit        Muxes := 1     
---------------------------------------------------------------------------------
Finished RTL Component Statistics 
---------------------------------------------------------------------------------
---------------------------------------------------------------------------------
Start RTL Hierarchical Component Statistics 
---------------------------------------------------------------------------------
Hierarchical RTL Component report 
Module RegisterFile 
Detailed RTL Component Info : 
+---RAMs : 
	             1024 Bit         RAMs := 1     
+---Muxes : 
	   2 Input     32 Bit        Muxes := 4     
	   2 Input      1 Bit        Muxes := 1     
---------------------------------------------------------------------------------
Finished RTL Hierarchical Component Statistics
---------------------------------------------------------------------------------
---------------------------------------------------------------------------------
Start Part Resource Summary
---------------------------------------------------------------------------------
Part Resources:
DSPs: 240 (col length:80)
BRAMs: 270 (col length: RAMB18 80 RAMB36 40)
---------------------------------------------------------------------------------
Finished Part Resource Summary
---------------------------------------------------------------------------------
---------------------------------------------------------------------------------
Start Cross Boundary and Area Optimization
---------------------------------------------------------------------------------
Warning: Parallel synthesis criteria is not met 
---------------------------------------------------------------------------------
Finished Cross Boundary and Area Optimization : Time (s): cpu = 00:00:15 ; elapsed = 00:00:19 . Memory (MB): peak = 697.688 ; gain = 432.727
---------------------------------------------------------------------------------
---------------------------------------------------------------------------------
Start ROM, RAM, DSP and Shift Register Reporting
---------------------------------------------------------------------------------

Distributed RAM: Preliminary Mapping  Report (see note below)
+-------------+---------------+-----------+----------------------+---------------+
|Module Name  | RTL Object    | Inference | Size (Depth x Width) | Primitives    | 
+-------------+---------------+-----------+----------------------+---------------+
|RegisterFile | registers_reg | Implied   | 32 x 32              | RAM32M x 12   | 
+-------------+---------------+-----------+----------------------+---------------+

Note: The table above is a preliminary report that shows the Distributed RAMs at the current stage of the synthesis flow. Some Distributed RAMs may be reimplemented as non Distributed RAM primitives later in the synthesis flow. Multiple instantiated RAMs are reported only once.
---------------------------------------------------------------------------------
Finished ROM, RAM, DSP and Shift Register Reporting
---------------------------------------------------------------------------------

Report RTL Partitions: 
+-+--------------+------------+----------+
| |RTL Partition |Replication |Instances |
+-+--------------+------------+----------+
+-+--------------+------------+----------+
---------------------------------------------------------------------------------
Start Applying XDC Timing Constraints
---------------------------------------------------------------------------------
---------------------------------------------------------------------------------
Finished Applying XDC Timing Constraints : Time (s): cpu = 00:00:24 ; elapsed = 00:00:30 . Memory (MB): peak = 751.602 ; gain = 486.641
---------------------------------------------------------------------------------
---------------------------------------------------------------------------------
Start Timing Optimization
---------------------------------------------------------------------------------
---------------------------------------------------------------------------------
Finished Timing Optimization : Time (s): cpu = 00:00:24 ; elapsed = 00:00:30 . Memory (MB): peak = 751.750 ; gain = 486.789
---------------------------------------------------------------------------------
---------------------------------------------------------------------------------
Start ROM, RAM, DSP and Shift Register Reporting
---------------------------------------------------------------------------------

Distributed RAM: Final Mapping  Report
+-------------+---------------+-----------+----------------------+---------------+
|Module Name  | RTL Object    | Inference | Size (Depth x Width) | Primitives    | 
+-------------+---------------+-----------+----------------------+---------------+
|RegisterFile | registers_reg | Implied   | 32 x 32              | RAM32M x 12   | 
+-------------+---------------+-----------+----------------------+---------------+

---------------------------------------------------------------------------------
Finished ROM, RAM, DSP and Shift Register Reporting
---------------------------------------------------------------------------------

Report RTL Partitions: 
+-+--------------+------------+----------+
| |RTL Partition |Replication |Instances |
+-+--------------+------------+----------+
+-+--------------+------------+----------+
---------------------------------------------------------------------------------
Start Technology Mapping
---------------------------------------------------------------------------------
---------------------------------------------------------------------------------
Finished Technology Mapping : Time (s): cpu = 00:00:24 ; elapsed = 00:00:31 . Memory (MB): peak = 752.523 ; gain = 487.563
---------------------------------------------------------------------------------

Report RTL Partitions: 
+-+--------------+------------+----------+
| |RTL Partition |Replication |Instances |
+-+--------------+------------+----------+
+-+--------------+------------+----------+
---------------------------------------------------------------------------------
Start IO Insertion
---------------------------------------------------------------------------------
---------------------------------------------------------------------------------
Start Flattening Before IO Insertion
---------------------------------------------------------------------------------
---------------------------------------------------------------------------------
Finished Flattening Before IO Insertion
---------------------------------------------------------------------------------
---------------------------------------------------------------------------------
Start Final Netlist Cleanup
---------------------------------------------------------------------------------
---------------------------------------------------------------------------------
Finished Final Netlist Cleanup
---------------------------------------------------------------------------------
---------------------------------------------------------------------------------
Finished IO Insertion : Time (s): cpu = 00:00:25 ; elapsed = 00:00:32 . Memory (MB): peak = 753.461 ; gain = 488.500
---------------------------------------------------------------------------------

Report Check Netlist: 
+------+------------------+-------+---------+-------+------------------+
|      |Item              |Errors |Warnings |Status |Description       |
+------+------------------+-------+---------+-------+------------------+
|1     |multi_driven_nets |      0|        0|Passed |Multi driven nets |
+------+------------------+-------+---------+-------+------------------+
---------------------------------------------------------------------------------
Start Renaming Generated Instances
---------------------------------------------------------------------------------
---------------------------------------------------------------------------------
Finished Renaming Generated Instances : Time (s): cpu = 00:00:25 ; elapsed = 00:00:32 . Memory (MB): peak = 753.461 ; gain = 488.500
---------------------------------------------------------------------------------

Report RTL Partitions: 
+-+--------------+------------+----------+
| |RTL Partition |Replication |Instances |
+-+--------------+------------+----------+
+-+--------------+------------+----------+
---------------------------------------------------------------------------------
Start Rebuilding User Hierarchy
---------------------------------------------------------------------------------
---------------------------------------------------------------------------------
Finished Rebuilding User Hierarchy : Time (s): cpu = 00:00:25 ; elapsed = 00:00:32 . Memory (MB): peak = 753.461 ; gain = 488.500
---------------------------------------------------------------------------------
---------------------------------------------------------------------------------
Start Renaming Generated Ports
---------------------------------------------------------------------------------
---------------------------------------------------------------------------------
Finished Renaming Generated Ports : Time (s): cpu = 00:00:25 ; elapsed = 00:00:32 . Memory (MB): peak = 753.461 ; gain = 488.500
---------------------------------------------------------------------------------
---------------------------------------------------------------------------------
Start Handling Custom Attributes
---------------------------------------------------------------------------------
---------------------------------------------------------------------------------
Finished Handling Custom Attributes : Time (s): cpu = 00:00:25 ; elapsed = 00:00:32 . Memory (MB): peak = 753.461 ; gain = 488.500
---------------------------------------------------------------------------------
---------------------------------------------------------------------------------
Start Renaming Generated Nets
---------------------------------------------------------------------------------
---------------------------------------------------------------------------------
Finished Renaming Generated Nets : Time (s): cpu = 00:00:25 ; elapsed = 00:00:32 . Memory (MB): peak = 753.461 ; gain = 488.500
---------------------------------------------------------------------------------
---------------------------------------------------------------------------------
Start Writing Synthesis Report
---------------------------------------------------------------------------------

Report BlackBoxes: 
+-+--------------+----------+
| |BlackBox name |Instances |
+-+--------------+----------+
+-+--------------+----------+

Report Cell Usage: 
+------+-------+------+
|      |Cell   |Count |
+------+-------+------+
|1     |BUFG   |     1|
|2     |LUT2   |     1|
|3     |LUT4   |     2|
|4     |LUT5   |    64|
|5     |LUT6   |     1|
|6     |RAM32M |    12|
|7     |IBUF   |    84|
|8     |OBUF   |    64|
+------+-------+------+

Report Instance Areas: 
+------+---------+-------+------+
|      |Instance |Module |Cells |
+------+---------+-------+------+
|1     |top      |       |   229|
+------+---------+-------+------+
---------------------------------------------------------------------------------
Finished Writing Synthesis Report : Time (s): cpu = 00:00:25 ; elapsed = 00:00:32 . Memory (MB): peak = 753.461 ; gain = 488.500
---------------------------------------------------------------------------------
Synthesis finished with 0 errors, 0 critical warnings and 0 warnings.
Synthesis Optimization Runtime : Time (s): cpu = 00:00:14 ; elapsed = 00:00:21 . Memory (MB): peak = 753.465 ; gain = 208.605
Synthesis Optimization Complete : Time (s): cpu = 00:00:25 ; elapsed = 00:00:32 . Memory (MB): peak = 753.465 ; gain = 488.504
INFO: [Project 1-571] Translating synthesized netlist
INFO: [Netlist 29-17] Analyzing 96 Unisim elements for replacement
INFO: [Netlist 29-28] Unisim Transformation completed in 0 CPU seconds
INFO: [Project 1-570] Preparing netlist for logic optimization
INFO: [Opt 31-138] Pushed 0 inverter(s) to 0 load pin(s).
INFO: [Project 1-111] Unisim Transformation Summary:
  A total of 12 instances were transformed.
  RAM32M => RAM32M (RAMD32, RAMD32, RAMD32, RAMD32, RAMD32, RAMD32, RAMS32, RAMS32): 12 instances

INFO: [Common 17-83] Releasing license: Synthesis
14 Infos, 103 Warnings, 102 Critical Warnings and 0 Errors encountered.
synth_design completed successfully
synth_design: Time (s): cpu = 00:00:28 ; elapsed = 00:00:35 . Memory (MB): peak = 774.414 ; gain = 520.926
WARNING: [Constraints 18-5210] No constraint will be written out.
INFO: [Common 17-1381] The checkpoint 'D:/3-Autumn/Organization Principles/MakeComputer/FinalProjectFolder/MakeAComputer/thinpad_top/thinpad_top.runs/synth_1/RegisterFile.dcp' has been generated.
INFO: [runtcl-4] Executing : report_utilization -file RegisterFile_utilization_synth.rpt -pb RegisterFile_utilization_synth.pb
report_utilization: Time (s): cpu = 00:00:00 ; elapsed = 00:00:00.070 . Memory (MB): peak = 774.414 ; gain = 0.000
INFO: [Common 17-206] Exiting Vivado at Fri Nov 30 23:16:14 2018...
