#-----------------------------------------------------------
# Vivado v2018.2 (64-bit)
# SW Build 2258646 on Thu Jun 14 20:03:12 MDT 2018
# IP Build 2256618 on Thu Jun 14 22:10:49 MDT 2018
# Start of session at: Fri Nov  2 07:59:51 2018
# Process ID: 9540
# Current directory: E:/Xilinx_pro/ALU
# Command line: vivado.exe -gui_launcher_event rodinguilauncherevent11660 E:\Xilinx_pro\ALU\thinpad_top.xpr
# Log file: E:/Xilinx_pro/ALU/vivado.log
# Journal file: E:/Xilinx_pro/ALU\vivado.jou
#-----------------------------------------------------------
start_gui
open_project E:/Xilinx_pro/ALU/thinpad_top.xpr
Scanning sources...
Finished scanning sources
INFO: [IP_Flow 19-234] Refreshing IP repositories
INFO: [IP_Flow 19-1704] No user IP repositories specified
INFO: [IP_Flow 19-2313] Loaded Vivado IP repository 'E:/Xilinx/Vivado/2018.2/data/ip'.
open_project: Time (s): cpu = 00:00:18 ; elapsed = 00:00:21 . Memory (MB): peak = 762.969 ; gain = 78.977
reset_run synth_1
launch_runs impl_1 -to_step write_bitstream -jobs 2
[Fri Nov  2 08:37:59 2018] Launched synth_1...
Run output will be captured here: E:/Xilinx_pro/ALU/thinpad_top.runs/synth_1/runme.log
[Fri Nov  2 08:37:59 2018] Launched impl_1...
Run output will be captured here: E:/Xilinx_pro/ALU/thinpad_top.runs/impl_1/runme.log
reset_run synth_1
launch_runs impl_1 -to_step write_bitstream -jobs 2
[Fri Nov  2 08:40:11 2018] Launched synth_1...
Run output will be captured here: E:/Xilinx_pro/ALU/thinpad_top.runs/synth_1/runme.log
[Fri Nov  2 08:40:11 2018] Launched impl_1...
Run output will be captured here: E:/Xilinx_pro/ALU/thinpad_top.runs/impl_1/runme.log
reset_run synth_1
launch_runs impl_1 -to_step write_bitstream -jobs 2
[Fri Nov  2 08:51:21 2018] Launched synth_1...
Run output will be captured here: E:/Xilinx_pro/ALU/thinpad_top.runs/synth_1/runme.log
[Fri Nov  2 08:51:21 2018] Launched impl_1...
Run output will be captured here: E:/Xilinx_pro/ALU/thinpad_top.runs/impl_1/runme.log
reset_run synth_1
launch_runs impl_1 -to_step write_bitstream -jobs 2
[Fri Nov  2 10:02:54 2018] Launched synth_1...
Run output will be captured here: E:/Xilinx_pro/ALU/thinpad_top.runs/synth_1/runme.log
[Fri Nov  2 10:02:54 2018] Launched impl_1...
Run output will be captured here: E:/Xilinx_pro/ALU/thinpad_top.runs/impl_1/runme.log
reset_run synth_1
launch_runs impl_1 -to_step write_bitstream -jobs 2
[Fri Nov  2 10:16:57 2018] Launched synth_1...
Run output will be captured here: E:/Xilinx_pro/ALU/thinpad_top.runs/synth_1/runme.log
[Fri Nov  2 10:16:58 2018] Launched impl_1...
Run output will be captured here: E:/Xilinx_pro/ALU/thinpad_top.runs/impl_1/runme.log
reset_run synth_1
launch_runs impl_1 -to_step write_bitstream -jobs 2
[Fri Nov  2 10:22:07 2018] Launched synth_1...
Run output will be captured here: E:/Xilinx_pro/ALU/thinpad_top.runs/synth_1/runme.log
[Fri Nov  2 10:22:07 2018] Launched impl_1...
Run output will be captured here: E:/Xilinx_pro/ALU/thinpad_top.runs/impl_1/runme.log
reset_run synth_1
launch_runs impl_1 -to_step write_bitstream -jobs 2
[Fri Nov  2 10:30:19 2018] Launched synth_1...
Run output will be captured here: E:/Xilinx_pro/ALU/thinpad_top.runs/synth_1/runme.log
[Fri Nov  2 10:30:19 2018] Launched impl_1...
Run output will be captured here: E:/Xilinx_pro/ALU/thinpad_top.runs/impl_1/runme.log
reset_run synth_1
WARNING: [Vivado 12-1017] Problems encountered:
1. PID not specified

launch_runs impl_1 -to_step write_bitstream -jobs 2
[Fri Nov  2 10:30:47 2018] Launched synth_1...
Run output will be captured here: E:/Xilinx_pro/ALU/thinpad_top.runs/synth_1/runme.log
[Fri Nov  2 10:30:47 2018] Launched impl_1...
Run output will be captured here: E:/Xilinx_pro/ALU/thinpad_top.runs/impl_1/runme.log
exit
INFO: [Common 17-206] Exiting Vivado at Fri Nov  2 15:06:48 2018...
