Vivado Simulator 2018.2
Copyright 1986-1999, 2001-2018 Xilinx, Inc. All Rights Reserved.
Running: D:/XilinxVivado_small/Vivado/2018.2/bin/unwrapped/win64.o/xelab.exe -wto 1e0777dd008c45fcbaffd6b18f2c35e9 --incr --debug typical --relax --mt 2 -L xil_defaultlib -L unisims_ver -L secureip --snapshot tb_func_synth xil_defaultlib.tb xil_defaultlib.glbl -log elaborate.log 
Using 2 slave threads.
Starting static elaboration
WARNING: [VRFC 10-278] actual bit length 32 differs from formal bit length 1 for port uart_dataready [D:/3-Autumn/Organization Principles/MakeComputer/FinalProjectFolder/MakeAComputer/thinpad_top/thinpad_top.srcs/sim_1/new/tb.sv:76]
WARNING: [VRFC 10-278] actual bit length 32 differs from formal bit length 1 for port uart_tsre [D:/3-Autumn/Organization Principles/MakeComputer/FinalProjectFolder/MakeAComputer/thinpad_top/thinpad_top.srcs/sim_1/new/tb.sv:77]
WARNING: [VRFC 10-278] actual bit length 32 differs from formal bit length 1 for port uart_tbre [D:/3-Autumn/Organization Principles/MakeComputer/FinalProjectFolder/MakeAComputer/thinpad_top/thinpad_top.srcs/sim_1/new/tb.sv:78]
WARNING: [VRFC 10-727] function getTime has no return value assignment [D:/3-Autumn/Organization Principles/MakeComputer/FinalProjectFolder/MakeAComputer/thinpad_top/thinpad_top.srcs/sim_1/new/include/TimingData.h:182]
Completed static elaboration
Starting simulation data flow analysis
Completed simulation data flow analysis
Time Resolution for simulation is 1ps
Compiling module unisims_ver.FDCE_default
Compiling module unisims_ver.OBUF
Compiling module unisims_ver.IOBUF
Compiling module unisims_ver.OBUFT
Compiling module unisims_ver.x_lut1_mux2
Compiling module unisims_ver.LUT1
Compiling module unisims_ver.x_lut2_mux4
Compiling module unisims_ver.LUT2
Compiling module unisims_ver.BUFG
Compiling module unisims_ver.IBUF
Compiling module unisims_ver.FDPE_default
Compiling module unisims_ver.LUT5
Compiling module unisims_ver.x_lut3_mux8
Compiling module unisims_ver.LUT3
Compiling module unisims_ver.LUT4
Compiling module unisims_ver.LUT6
Compiling module unisims_ver.FDRE_default
Compiling module xil_defaultlib.Ctrl_SRAM_UART
Compiling module unisims_ver.latchsre_ldce
Compiling module unisims_ver.LDCE
Compiling module unisims_ver.CARRY4
Compiling module xil_defaultlib.thinpad_top
Compiling module xil_defaultlib.clock
Compiling module xil_defaultlib.sram_model
Compiling module xil_defaultlib.DataErrorModule
Compiling module xil_defaultlib.CUIdecoder1_2
Compiling module xil_defaultlib.CUIdecoder_Busy1_1
Compiling module xil_defaultlib.CUIdecoder2_2
Compiling module xil_defaultlib.KernelModule_1
Compiling module xil_defaultlib.ReadModule_1
Compiling module xil_defaultlib.OutputBufferModule_1
Compiling module xil_defaultlib.StatusRegModule_1
Compiling module xil_defaultlib.MemoryModule(FILENAME_MEM="/tmp/...
Compiling module xil_defaultlib.ProgramModule_1
Compiling module xil_defaultlib.BuffEnhancedFactProgramModule_1
Compiling module xil_defaultlib.ProtectRegModule_1
Compiling module xil_defaultlib.EraseModule_1
Compiling module xil_defaultlib.BlankCheckModule_1
Compiling module xil_defaultlib.BlockLockModule_1
Compiling module xil_defaultlib.ProgramBufferModule_1
Compiling module xil_defaultlib.SignatureModule_1
Compiling module xil_defaultlib.CFIqueryModule_1
Compiling module xil_defaultlib.ConfigRegModule_1
Compiling module xil_defaultlib.BurstModule_1
Compiling module xil_defaultlib.BankLib
Compiling module xil_defaultlib.TimingDataModule
Compiling module xil_defaultlib.TimingLibModule_1
Compiling module xil_defaultlib.DebugModule
Compiling module xil_defaultlib.x28fxxxp30(FILENAME_MEM="/tmp/ke...
Compiling module xil_defaultlib.BranchSelector
Compiling module xil_defaultlib.tb
Compiling module xil_defaultlib.glbl
Built simulation snapshot tb_func_synth
